"../../../Engine/Content/ArtTools/RenderToTexture/Enums/RenderToTexture_Enum.uasset" 0
"../../../Engine/Content/ArtTools/RenderToTexture/Enums/RenderToTexture_Flipbook_Enum.uasset" 1
"../../../Engine/Content/ArtTools/RenderToTexture/Enums/RenderToTexture_Imposter_Enum.uasset" 2
"../../../Engine/Content/EditorBlueprintResources/StandardMacros.uasset" 3
"../../../Engine/Content/ArtTools/RenderToTexture/Enums/EIntTypes.uasset" 4
"../../../Engine/Content/ArtTools/RenderToTexture/Macros/RenderToTextureFunctionLibrary.uasset" 5
"../../../Engine/Content/ArtTools/RenderToTexture/Enums/EFloatTypes.uasset" 6
"../../../Engine/Content/ArtTools/RenderToTexture/Macros/RenderToTextureMacros.uasset" 7
"../../../Engine/Content/Functions/Engine_MaterialFunctions01/Opacity/CameraDepthFade.uasset" 8
"../../../Engine/Content/EngineMaterials/T_Default_Material_Grid_M.uasset" 9
"../../../Engine/Content/EngineMaterials/T_Default_Material_Grid_N.uasset" 10
"../../../Engine/Content/EngineMaterials/WorldGridMaterial.uasset" 11
"../../../Engine/Content/ArtTools/RenderToTexture/Meshes/S_1_Unit_Plane.uasset" 12
"../../../Engine/Content/EngineMaterials/DefaultMaterial.uasset" 13
"../../../Engine/Content/BasicShapes/Cone.uasset" 14
"../../../Engine/Content/BasicShapes/Cube.uasset" 15
"../../../Engine/Content/BasicShapes/Cylinder.uasset" 16
"../../../Engine/Content/BasicShapes/Plane.uasset" 17
"../../../Engine/Content/BasicShapes/Sphere.uasset" 18
"../../../Engine/Content/EngineMaterials/DefaultPhysicalMaterial.uasset" 19
"../../../Engine/Content/BufferVisualization/AmbientOcclusion.uasset" 20
"../../../Engine/Content/BufferVisualization/BaseColor.uasset" 21
"../../../Engine/Content/BufferVisualization/CustomDepth.uasset" 22
"../../../Engine/Content/Functions/Engine_MaterialFunctions02/Utility/VectorLength.uasset" 23
"../../../Engine/Content/BufferVisualization/CustomDepthWorldUnits.uasset" 24
"../../../Engine/Content/Functions/Engine_MaterialFunctions02/Utility/BreakOutFloat2Components.uasset" 25
"../../../Engine/Content/Functions/Engine_MaterialFunctions01/Texturing/ScaleUVsByCenter.uasset" 26
"../../../Engine/Content/Functions/Engine_MaterialFunctions02/ScreenResolution.uasset" 27
"../../../Engine/Content/Functions/Engine_MaterialFunctions02/Texturing/ScreenAlignedUVs.uasset" 28
"../../../Engine/Content/Functions/Engine_MaterialFunctions02/Utility/MakeFloat2.uasset" 29
"../../../Engine/Content/Functions/Engine_MaterialFunctions02/Utility/MakeFloat3.uasset" 30
"../../../Engine/Content/EngineMaterials/MiniFont.uasset" 31
"../../../Engine/Content/BufferVisualization/CustomStencil.uasset" 32
"../../../Engine/Content/BufferVisualization/FinalImage.uasset" 33
"../../../Engine/Content/BufferVisualization/LightingModel.uasset" 34
"../../../Engine/Content/BufferVisualization/MaterialAO.uasset" 35
"../../../Engine/Content/BufferVisualization/Metallic.uasset" 36
"../../../Engine/Content/BufferVisualization/Opacity.uasset" 37
"../../../Engine/Content/BufferVisualization/PostTonemapHDRColor.uasset" 38
"../../../Engine/Content/BufferVisualization/PreTonemapHDRColor.uasset" 39
"../../../Engine/Content/BufferVisualization/Roughness.uasset" 40
"../../../Engine/Content/BufferVisualization/SceneColor.uasset" 41
"../../../Engine/Content/BufferVisualization/SceneDepth.uasset" 42
"../../../Engine/Content/BufferVisualization/SceneDepthWorldUnits.uasset" 43
"../../../Engine/Content/BufferVisualization/SeparateTranslucencyA.uasset" 44
"../../../Engine/Content/BufferVisualization/SeparateTranslucencyRGB.uasset" 45
"../../../Engine/Content/BufferVisualization/Specular.uasset" 46
"../../../Engine/Content/BufferVisualization/SubsurfaceColor.uasset" 47
"../../../Engine/Content/BufferVisualization/WorldNormal.uasset" 48
"../../../Engine/Content/EditorBlueprintResources/ActorMacros.uasset" 49
"../../../Engine/Content/EditorLandscapeResources/DataLayer.uasset" 50
"../../../Engine/Content/EditorLandscapeResources/DefaultAlphaTexture.uasset" 51
"../../../Engine/Content/EditorLandscapeResources/LandscapeGizmoHeight_Mat.uasset" 52
"../../../Engine/Content/EditorLandscapeResources/LandscapeGizmo_Mat.uasset" 53
"../../../Engine/Content/EditorLandscapeResources/LandscapeGizmo_Mat_Copied.uasset" 54
"../../../Engine/Content/EditorLandscapeResources/SplineEditorMeshMat.uasset" 55
"../../../Engine/Content/EditorLandscapeResources/SplineEditorMesh.uasset" 56
"../../../Engine/Content/EditorMaterials/Cross.uasset" 57
"../../../Engine/Content/EditorMaterials/Cross_Mat.uasset" 58
"../../../Engine/Content/EditorMaterials/GizmoMaterial.uasset" 59
"../../../Engine/Content/Functions/Engine_MaterialFunctions02/Utility/Sign.uasset" 60
"../../../Engine/Content/Functions/Engine_MaterialFunctions02/Utility/Round.uasset" 61
"../../../Engine/Content/Functions/Engine_MaterialFunctions02/ExampleContent/Textures/flipbook.uasset" 62
"../../../Engine/Content/Functions/Engine_MaterialFunctions02/Texturing/FlipBook.uasset" 63
"../../../Engine/Content/EditorResources/T_EditorHelp.uasset" 64
"../../../Engine/Content/EditorMaterials/HelpActorMaterial.uasset" 65
"../../../Engine/Content/EditorMaterials/CompositeARGBLayer.uasset" 66
"../../../Engine/Content/EditorMaterials/TilingAALineIntegral.uasset" 67
"../../../Engine/Content/EditorMaterials/TilingAALineBoxFiltered.uasset" 68
"../../../Engine/Content/Functions/Engine_MaterialFunctions03/Procedurals/ComputeFilterWidth.uasset" 69
"../../../Engine/Content/EditorMaterials/TilingAADots.uasset" 70
"../../../Engine/Content/EngineMaterials/BlendFunc_DefBase.uasset" 71
"../../../Engine/Content/EngineMaterials/BlendFunc_DefBlend.uasset" 72
"../../../Engine/Content/Functions/Engine_MaterialFunctions03/Blends/Blend_Screen.uasset" 73
"../../../Engine/Content/EditorMaterials/TilingAAGrid.uasset" 74
"../../../Engine/Content/EditorMaterials/LevelGridMaterial.uasset" 75
"../../../Engine/Content/EditorMaterials/MakeCompositeARGBLayer.uasset" 76
"../../../Engine/Content/EditorResources/LevelGrid1DStripes.uasset" 77
"../../../Engine/Content/EditorMaterials/TextureGridCascaded1D.uasset" 78
"../../../Engine/Content/EditorMaterials/TextureGridCascaded2D.uasset" 79
"../../../Engine/Content/EditorMaterials/LevelGridMaterial2.uasset" 80
"../../../Engine/Content/EditorMaterials/MAT_Groups_Toggle.uasset" 81
"../../../Engine/Content/EditorMaterials/MAT_Groups_Visibility.uasset" 82
"../../../Engine/Content/EditorMaterials/AntialiasedGridFloor.uasset" 83
"../../../Engine/Content/EditorResources/TilePatine_D.uasset" 84
"../../../Engine/Content/EditorResources/TilePatine_N.uasset" 85
"../../../Engine/Content/EngineMaterials/Grid.uasset" 86
"../../../Engine/Content/EditorMaterials/PersonaFloorMat.uasset" 87
"../../../Engine/Content/EditorMaterials/PhAT_BoneSelectedMaterial.uasset" 88
"../../../Engine/Content/EditorMaterials/PhAT_ElemSelectedMaterial.uasset" 89
"../../../Engine/Content/EditorMaterials/PhAT_NoCollisionMaterial.uasset" 90
"../../../Engine/Content/EditorMaterials/PhAT_UnselectedMaterial.uasset" 91
"../../../Engine/Content/EditorMaterials/PreviewShadowIndicator.uasset" 92
"../../../Engine/Content/EditorMaterials/PreviewShadowIndicatorMaterial.uasset" 93
"../../../Engine/Content/EditorMaterials/TargetIcon.uasset" 94
"../../../Engine/Content/EditorMaterials/Tick.uasset" 95
"../../../Engine/Content/EditorMaterials/Tick_Mat.uasset" 96
"../../../Engine/Content/EditorMaterials/WidgetGridVertexColorMaterial.uasset" 97
"../../../Engine/Content/EditorMaterials/WidgetGridVertexColorMaterial_Ma.uasset" 98
"../../../Engine/Content/EditorMaterials/WidgetMaterial.uasset" 99
"../../../Engine/Content/EditorMaterials/WidgetMaterial_Current.uasset" 100
"../../../Engine/Content/EditorMaterials/WidgetMaterial_X.uasset" 101
"../../../Engine/Content/EditorMaterials/WidgetMaterial_Y.uasset" 102
"../../../Engine/Content/EditorMaterials/WidgetMaterial_Z.uasset" 103
"../../../Engine/Content/EditorMaterials/WidgetVertexColorMaterial.uasset" 104
"../../../Engine/Content/EditorMaterials/MatineeGroups/MAT_ColorTrack.uasset" 105
"../../../Engine/Content/EditorMaterials/MatineeGroups/MAT_Groups_Anim.uasset" 106
"../../../Engine/Content/EditorMaterials/MatineeGroups/MAT_Groups_AudioMaster.uasset" 107
"../../../Engine/Content/EditorMaterials/MatineeGroups/MAT_Groups_Director.uasset" 108
"../../../Engine/Content/EditorMaterials/MatineeGroups/MAT_Groups_Event.uasset" 109
"../../../Engine/Content/EditorMaterials/MatineeGroups/MAT_Groups_Fade.uasset" 110
"../../../Engine/Content/EditorMaterials/MatineeGroups/MAT_Groups_Float.uasset" 111
"../../../Engine/Content/EditorMaterials/MatineeGroups/MAT_Groups_Move.uasset" 112
"../../../Engine/Content/EditorMaterials/MatineeGroups/MAT_Groups_Slomo.uasset" 113
"../../../Engine/Content/EditorMaterials/MatineeGroups/MAT_Groups_Sound.uasset" 114
"../../../Engine/Content/EditorMaterials/MatineeGroups/MAT_Groups_Vector.uasset" 115
"../../../Engine/Content/EditorMaterials/ParticleSystems/PSysThumbnail_NoImage.uasset" 116
"../../../Engine/Content/EditorMaterials/ParticleSystems/PSysThumbnail_OOD.uasset" 117
"../../../Engine/Content/EditorMaterials/Thumbnails/FloorPlaneMaterial.uasset" 118
"../../../Engine/Content/EditorMeshes/EditorCube.uasset" 119
"../../../Engine/Content/EditorMeshes/EditorCylinder.uasset" 120
"../../../Engine/Content/EditorMeshes/EditorPlane.uasset" 121
"../../../Engine/Content/EditorMaterials/Thumbnails/SkySphereMaterial.uasset" 122
"../../../Engine/Content/EditorMeshes/EditorSkySphere.uasset" 123
"../../../Engine/Content/EditorMeshes/EditorSphere.uasset" 124
"../../../Engine/Content/EditorResources/MatineeCam_D.uasset" 125
"../../../Engine/Content/EditorMaterials/MatineeCam_mat.uasset" 126
"../../../Engine/Content/EditorMeshes/MatineeCam_SM.uasset" 127
"../../../Engine/Content/Functions/Engine_MaterialFunctions01/Shading/ConvertFromDiffSpec.uasset" 128
"../../../Engine/Content/EditorMaterials/GridMaterial.uasset" 129
"../../../Engine/Content/EditorMeshes/PhAT_FloorBox.uasset" 130
"../../../Engine/Content/EditorMaterials/Camera/CineMat.uasset" 131
"../../../Engine/Content/EditorMaterials/Camera/MI_CineMat_CameraBody.uasset" 132
"../../../Engine/Content/EngineDebugMaterials/M_SimpleOpaque.uasset" 133
"../../../Engine/Content/EditorMaterials/Camera/MI_CineMat_CamViewFinder.uasset" 134
"../../../Engine/Content/EditorMeshes/Camera/SM_CineCam.uasset" 135
"../../../Engine/Content/EditorMaterials/Camera/MI_CineMat_Rig.uasset" 136
"../../../Engine/Content/EditorMeshes/Camera/SM_CraneRig_Arm.uasset" 137
"../../../Engine/Content/EditorMeshes/Camera/SM_CraneRig_Base.uasset" 138
"../../../Engine/Content/EditorMeshes/Camera/SM_CraneRig_Body.uasset" 139
"../../../Engine/Content/EditorMeshes/Camera/SM_CraneRig_Mount.uasset" 140
"../../../Engine/Content/EditorMeshes/Camera/SM_RailRig_Mount.uasset" 141
"../../../Engine/Content/EditorMeshes/Camera/SM_RailRig_Track.uasset" 142
"../../../Engine/Content/EditorResources/Bad.uasset" 143
"../../../Engine/Content/EditorResources/BadBlueprintSprite.uasset" 144
"../../../Engine/Content/EditorResources/BSPVertex.uasset" 145
"../../../Engine/Content/EditorResources/EmptyActor.uasset" 146
"../../../Engine/Content/EditorResources/MatInstActSprite.uasset" 147
"../../../Engine/Content/EditorResources/SceneManager.uasset" 148
"../../../Engine/Content/EditorResources/SmallFont.uasset" 149
"../../../Engine/Content/EditorResources/S_Actor.uasset" 150
"../../../Engine/Content/EditorResources/S_DecalActorIcon.uasset" 151
"../../../Engine/Content/EditorResources/S_Emitter.uasset" 152
"../../../Engine/Content/EditorResources/S_ExpoHeightFog.uasset" 153
"../../../Engine/Content/EditorResources/S_FTest.uasset" 154
"../../../Engine/Content/EditorResources/S_KBSJoint.uasset" 155
"../../../Engine/Content/EditorResources/S_KHinge.uasset" 156
"../../../Engine/Content/EditorResources/S_KPrismatic.uasset" 157
"../../../Engine/Content/EditorResources/S_LevelSequence.uasset" 158
"../../../Engine/Content/EditorResources/S_NavP.uasset" 159
"../../../Engine/Content/EditorResources/S_Note.uasset" 160
"../../../Engine/Content/EditorResources/S_Player.uasset" 161
"../../../Engine/Content/EditorResources/S_PortalActorIcon2.uasset" 162
"../../../Engine/Content/EditorResources/S_RadForce.uasset" 163
"../../../Engine/Content/EditorResources/S_ReflActorIcon.uasset" 164
"../../../Engine/Content/EditorResources/S_Terrain.uasset" 165
"../../../Engine/Content/EditorResources/S_TextRenderActorIcon.uasset" 166
"../../../Engine/Content/EditorResources/S_Thruster.uasset" 167
"../../../Engine/Content/EditorResources/S_Trigger.uasset" 168
"../../../Engine/Content/EditorResources/S_VectorFieldVol.uasset" 169
"../../../Engine/Content/EditorResources/S_WindDirectional.uasset" 170
"../../../Engine/Content/EditorResources/AI/S_NavLink.uasset" 171
"../../../Engine/Content/EditorResources/LightIcons/SkyLight.uasset" 172
"../../../Engine/Content/EditorResources/LightIcons/S_LightDirectional.uasset" 173
"../../../Engine/Content/EditorResources/LightIcons/S_LightDirectionalMove.uasset" 174
"../../../Engine/Content/EditorResources/LightIcons/S_LightError.uasset" 175
"../../../Engine/Content/EditorResources/LightIcons/S_LightPoint.uasset" 176
"../../../Engine/Content/EditorResources/LightIcons/S_LightPointMove.uasset" 177
"../../../Engine/Content/EditorResources/LightIcons/S_LightSpot.uasset" 178
"../../../Engine/Content/EditorResources/LightIcons/S_LightSpotMove.uasset" 179
"../../../Engine/Content/EditorResources/SequenceRecorder/Countdown.uasset" 180
"../../../Engine/Content/EditorResources/SequenceRecorder/RecordingIndicator.uasset" 181
"../../../Engine/Content/EditorResources/Spline/T_Loft_Spline.uasset" 182
"../../../Engine/Content/EditorSounds/Notifications/CompileFailed.uasset" 183
"../../../Engine/Content/EditorSounds/Notifications/CompileFailed_Cue.uasset" 184
"../../../Engine/Content/EditorSounds/Notifications/CompileSuccess.uasset" 185
"../../../Engine/Content/EditorSounds/Notifications/CompileStart_Cue.uasset" 186
"../../../Engine/Content/EditorSounds/Notifications/CompileSuccess_Cue.uasset" 187
"../../../Engine/Content/EngineDamageTypes/DmgTypeBP_Environmental.uasset" 188
"../../../Engine/Content/EngineDebugMaterials/HeatmapGradient.uasset" 189
"../../../Engine/Content/EngineDebugMaterials/BoneWeightMaterial.uasset" 190
"../../../Engine/Content/EngineDebugMaterials/ClothMaterial.uasset" 191
"../../../Engine/Content/EngineDebugMaterials/ClothMaterial_WF.uasset" 192
"../../../Engine/Content/EngineDebugMaterials/DebugEditorMaterial.uasset" 193
"../../../Engine/Content/EngineDebugMaterials/DebugMeshMaterial.uasset" 194
"../../../Engine/Content/EngineDebugMaterials/GeomMaterial.uasset" 195
"../../../Engine/Content/EngineDebugMaterials/LevelColorationLitMaterial.uasset" 196
"../../../Engine/Content/EngineDebugMaterials/LevelColorationUnlitMaterial.uasset" 197
"../../../Engine/Content/EngineMaterials/DefaultWhiteGrid.uasset" 198
"../../../Engine/Content/EngineDebugMaterials/MAT_LevelColorationLitLightmapUV.uasset" 199
"../../../Engine/Content/EngineDebugMaterials/M_SimpleTranslucent.uasset" 200
"../../../Engine/Content/EngineDebugMaterials/ShadedLevelColorationLitMaterial.uasset" 201
"../../../Engine/Content/EngineDebugMaterials/ShadedLevelColorationUnlitMateri.uasset" 202
"../../../Engine/Content/EngineDebugMaterials/VertexColorMaterial.uasset" 203
"../../../Engine/Content/EngineDebugMaterials/VertexColorViewMode_AlphaAsColor.uasset" 204
"../../../Engine/Content/EngineDebugMaterials/VertexColorViewMode_BlueOnly.uasset" 205
"../../../Engine/Content/EngineDebugMaterials/VertexColorViewMode_ColorOnly.uasset" 206
"../../../Engine/Content/EngineDebugMaterials/VertexColorViewMode_GreenOnly.uasset" 207
"../../../Engine/Content/EngineDebugMaterials/VertexColorViewMode_RedOnly.uasset" 208
"../../../Engine/Content/EngineDebugMaterials/WireframeMaterial.uasset" 209
"../../../Engine/Content/EngineFonts/Faces/RobotoBold.uasset" 210
"../../../Engine/Content/EngineFonts/Faces/RobotoBoldItalic.uasset" 211
"../../../Engine/Content/EngineFonts/Faces/RobotoItalic.uasset" 212
"../../../Engine/Content/EngineFonts/Faces/RobotoLight.uasset" 213
"../../../Engine/Content/EngineFonts/Faces/RobotoRegular.uasset" 214
"../../../Engine/Content/EngineFonts/Roboto.uasset" 215
"../../../Engine/Content/EngineFonts/Faces/RobotoTiny.uasset" 216
"../../../Engine/Content/EngineFonts/RobotoTiny.uasset" 217
"../../../Engine/Content/EngineFonts/SmallFont.uasset" 218
"../../../Engine/Content/EngineFonts/TinyFont.uasset" 219
"../../../Engine/Content/EngineMaterials/BaseFlattenDiffuseMap.uasset" 220
"../../../Engine/Content/EngineMaterials/BaseFlattenEmissiveMap.uasset" 221
"../../../Engine/Content/EngineMaterials/BaseFlattenGrayscaleMap.uasset" 222
"../../../Engine/Content/EngineMaterials/BaseFlattenNormalMap.uasset" 223
"../../../Engine/Content/EngineMaterials/BaseFlattenMaterial.uasset" 224
"../../../Engine/Content/EngineResources/WhiteSquareTexture.uasset" 225
"../../../Engine/Content/EngineMaterials/BlinkingCaret.uasset" 226
"../../../Engine/Content/EngineMaterials/DefaultBloomKernel.uasset" 227
"../../../Engine/Content/EngineMaterials/DefaultBokeh.uasset" 228
"../../../Engine/Content/EngineMaterials/DefaultDiffuse.uasset" 229
"../../../Engine/Content/EngineMaterials/DefaultDeferredDecalMaterial.uasset" 230
"../../../Engine/Content/EngineMaterials/DefaultLightFunctionMaterial.uasset" 231
"../../../Engine/Content/EngineMaterials/DefaultNormal.uasset" 232
"../../../Engine/Content/EngineMaterials/DefaultPostProcessMaterial.uasset" 233
"../../../Engine/Content/EngineFonts/RobotoDistanceField.uasset" 234
"../../../Engine/Content/EngineMaterials/DefaultTextMaterialOpaque.uasset" 235
"../../../Engine/Content/EngineMaterials/EditorBrushMaterial.uasset" 236
"../../../Engine/Content/EngineMaterials/Good64x64TilingNoiseHighFreq.uasset" 237
"../../../Engine/Content/EngineMaterials/Grid_N.uasset" 238
"../../../Engine/Content/EngineMaterials/HighResolutionScreenshotMaskFunction.uasset" 239
"../../../Engine/Content/EngineMaterials/HighResScreenshot.uasset" 240
"../../../Engine/Content/EngineMaterials/HighResScreenshotCaptureRegion.uasset" 241
"../../../Engine/Content/EngineMaterials/HighResScreenshotMask.uasset" 242
"../../../Engine/Content/EngineMaterials/LandscapeHolePhysicalMaterial.uasset" 243
"../../../Engine/Content/EngineMaterials/InvalidLightmapSettings.uasset" 244
"../../../Engine/Content/EngineMaterials/M_InvalidLightmapSettings.uasset" 245
"../../../Engine/Content/EngineMaterials/PaperDiffuse.uasset" 246
"../../../Engine/Content/EngineMaterials/PaperNormal.uasset" 247
"../../../Engine/Content/Functions/Engine_MaterialFunctions02/WorldPositionOffset/CameraOffset.uasset" 248
"../../../Engine/Content/EngineMaterials/PhAT_JointLimitMaterial.uasset" 249
"../../../Engine/Content/EngineMaterials/PhysMat_Rubber.uasset" 250
"../../../Engine/Content/EngineMaterials/PreintegratedSkinBRDF.uasset" 251
"../../../Engine/Content/EngineMaterials/RemoveSurfaceMaterial.uasset" 252
"../../../Engine/Content/EngineMaterials/WeightMapPlaceholderTexture.uasset" 253
"../../../Engine/Content/EngineMaterials/Widget3DPassThrough.uasset" 254
"../../../Engine/Content/EngineMaterials/Widget3DPassThrough_Masked.uasset" 255
"../../../Engine/Content/EngineMaterials/Widget3DPassThrough_Opaque.uasset" 256
"../../../Engine/Content/EngineMaterials/Widget3DPassThrough_Masked_OneSided.uasset" 257
"../../../Engine/Content/EngineMaterials/Widget3DPassThrough_Opaque_OneSided.uasset" 258
"../../../Engine/Content/EngineMaterials/Widget3DPassThrough_Translucent.uasset" 259
"../../../Engine/Content/EngineMaterials/Widget3DPassThrough_Translucent_OneSided.uasset" 260
"../../../Engine/Content/EngineMeshes/Cylinder.uasset" 261
"../../../Engine/Content/EngineMeshes/Sphere.uasset" 262
"../../../Engine/Content/EngineResources/Black.uasset" 263
"../../../Engine/Content/EngineResources/DefaultTexture.uasset" 264
"../../../Engine/Content/EngineResources/DefaultTextureCube.uasset" 265
"../../../Engine/Content/EngineResources/DefaultVolumeTexture2D.uasset" 266
"../../../Engine/Content/EngineResources/DefaultVolumeTexture.uasset" 267
"../../../Engine/Content/EngineResources/GradientTexture0.uasset" 268
"../../../Engine/Content/EngineResources/StreamingPauseIcon.uasset" 269
"../../../Engine/Content/EngineResources/M_StreamingPause.uasset" 270
"../../../Engine/Content/EngineSounds/Master.uasset" 271
"../../../Engine/Content/Functions/Engine_MaterialFunctions01/Shading/PowerToRoughness.uasset" 272
"../../../Engine/Content/Maps/Templates/Thumbnails/Default.uasset" 273
"../../../Engine/Content/Maps/Templates/Thumbnails/VR-Basic.uasset" 274
"../../../Engine/Content/MapTemplates/Sky/DaylightAmbientCubemap.uasset" 275
"../../../Engine/Content/MobileResources/T_MobileControls_texture.uasset" 276
"../../../Engine/Content/MobileResources/T_MobileMenu2.uasset" 277
"../../../Engine/Content/MobileResources/HUD/AnalogHat.uasset" 278
"../../../Engine/Content/MobileResources/HUD/VirtualJoystick_Background.uasset" 279
"../../../Engine/Content/MobileResources/HUD/VirtualJoystick_Thumb.uasset" 280
"../../../Engine/Content/MobileResources/HUD/DefaultVirtualJoysticks.uasset" 281
"../../../Engine/Content/MobileResources/HUD/LeftVirtualJoystickOnly.uasset" 282
"../../../Engine/Content/MobileResources/HUD/MobileHUDButton1_off.uasset" 283
"../../../Engine/Content/MobileResources/HUD/MobileHUDButton1_on.uasset" 284
"../../../Engine/Content/MobileResources/HUD/MobileHUDButton2_off.uasset" 285
"../../../Engine/Content/MobileResources/HUD/MobileHUDButton2_on.uasset" 286
"../../../Engine/Content/MobileResources/HUD/MobileHUDButton3.uasset" 287
"../../../Engine/Content/MobileResources/HUD/MobileHUDButtonFire.uasset" 288
"../../../Engine/Content/MobileResources/HUD/MobileHUDDirectionPad.uasset" 289
"../../../Engine/Content/MobileResources/HUD/MobileHUDDirectionPad2.uasset" 290
"../../../Engine/Content/MobileResources/HUD/MobileHUDDirectionPad3.uasset" 291
"../../../Engine/Content/MobileResources/HUD/MobileHUDDirectionStick.uasset" 292
"../../../Engine/Content/MobileResources/HUD/T_Castle_ThumbstickInner.uasset" 293
"../../../Engine/Content/MobileResources/HUD/T_Castle_ThumbstickOutter.uasset" 294
"../../../Engine/Content/Tutorial/ContentIntroCurve.uasset" 295
"../../../Engine/Content/Tutorial/Basics/TutorialAssets/icon_tab_Levels_40x.uasset" 296
"../../../Engine/Content/Tutorial/BlueprintTutorials/TutorialAssets/Blueprint_64x.uasset" 297
"../../../Engine/Content/Tutorial/Landscape/TutorialAssets/Landscape.uasset" 298
"../../../Engine/Content/VREditor/LaserPointer/VR_LaserPower_01.uasset" 299
"../../../Engine/Content/VREditor/TransformGizmo/TransformGizmoMaterial.uasset" 300
"../../../Engine/Content/VREditor/TransformGizmo/TranslucentTransformGizmoMaterial.uasset" 301
"../../../Engine/Content/VREditor/TransformGizmo/BoundingBoxCorner.uasset" 302
"../../../Engine/Content/VREditor/TransformGizmo/BoundingBoxEdge.uasset" 303
"../../../Engine/Content/VREditor/TransformGizmo/PlaneTranslationHandle.uasset" 304
"../../../Engine/Content/VREditor/TransformGizmo/Main.uasset" 305
"../../../Engine/Content/VREditor/TransformGizmo/Xray.uasset" 306
"../../../Engine/Content/VREditor/TransformGizmo/SM_Sequencer_Key.uasset" 307
"../../../Engine/Content/VREditor/TransformGizmo/SM_Sequencer_Node.uasset" 308
"D:/School/PWS/Unreal Engine 4/PWS/Content/ThirdPersonBP/Blueprints/Character/paladin_j_nordstrom_Skeleton.uasset" 309
"D:/School/PWS/Unreal Engine 4/PWS/Content/ThirdPersonBP/Blueprints/Character/Animations/Jump_Begin.uasset" 310
"D:/School/PWS/Unreal Engine 4/PWS/Content/ThirdPersonBP/Blueprints/Character/Animations/Jump_End.uasset" 311
"D:/School/PWS/Unreal Engine 4/PWS/Content/ThirdPersonBP/Blueprints/Character/Animations/NewFolder/JumpingEnd.uasset" 312
"D:/School/PWS/Unreal Engine 4/PWS/Content/ThirdPersonBP/Blueprints/Character/Animations/NewFolder/JumpingStart.uasset" 313
"D:/School/PWS/Unreal Engine 4/PWS/Content/ThirdPersonBP/Blueprints/Character/Animations/sword_and_shield_slash.uasset" 314
"D:/School/PWS/Unreal Engine 4/PWS/Content/ThirdPersonBP/Blueprints/Character/Animations/GreatSwordAnims/great_sword_idle.uasset" 315
"D:/School/PWS/Unreal Engine 4/PWS/Content/ThirdPersonBP/Blueprints/Character/Animations/GreatSwordAnims/great_sword_run.uasset" 316
"D:/School/PWS/Unreal Engine 4/PWS/Content/ThirdPersonBP/Blueprints/Character/Animations/GreatSwordAnims/great_sword_run__2_.uasset" 317
"D:/School/PWS/Unreal Engine 4/PWS/Content/ThirdPersonBP/Blueprints/Character/Animations/GreatSwordAnims/great_sword_strafe.uasset" 318
"D:/School/PWS/Unreal Engine 4/PWS/Content/ThirdPersonBP/Blueprints/Character/Animations/GreatSwordAnims/great_sword_strafe__2_.uasset" 319
"D:/School/PWS/Unreal Engine 4/PWS/Content/ThirdPersonBP/Blueprints/Character/Animations/GreatSwordAnims/great_sword_strafe__3_.uasset" 320
"D:/School/PWS/Unreal Engine 4/PWS/Content/ThirdPersonBP/Blueprints/Character/Animations/GreatSwordAnims/great_sword_strafe__4_.uasset" 321
"D:/School/PWS/Unreal Engine 4/PWS/Content/ThirdPersonBP/Blueprints/Character/Animations/GreatSwordAnims/great_sword_walk.uasset" 322
"D:/School/PWS/Unreal Engine 4/PWS/Content/ThirdPersonBP/Blueprints/Character/Animations/GreatSwordAnims/great_sword_walk__2_.uasset" 323
"D:/School/PWS/Unreal Engine 4/PWS/Content/ThirdPersonBP/Blueprints/Character/WalkRun_GreatSwordBS.uasset" 324
"D:/School/PWS/Unreal Engine 4/PWS/Content/ThirdPersonBP/Blueprints/Character/Animations/NewFolder/Idle.uasset" 325
"D:/School/PWS/Unreal Engine 4/PWS/Content/ThirdPersonBP/Blueprints/Character/Animations/NewFolder/Left_Strafe.uasset" 326
"D:/School/PWS/Unreal Engine 4/PWS/Content/ThirdPersonBP/Blueprints/Character/Animations/NewFolder/Left_Strafe_Walking.uasset" 327
"D:/School/PWS/Unreal Engine 4/PWS/Content/ThirdPersonBP/Blueprints/Character/Animations/NewFolder/Right_Strafe.uasset" 328
"D:/School/PWS/Unreal Engine 4/PWS/Content/ThirdPersonBP/Blueprints/Character/Animations/NewFolder/Right_Strafe_Walking.uasset" 329
"D:/School/PWS/Unreal Engine 4/PWS/Content/ThirdPersonBP/Blueprints/Character/Animations/NewFolder/Running.uasset" 330
"D:/School/PWS/Unreal Engine 4/PWS/Content/ThirdPersonBP/Blueprints/Character/Animations/NewFolder/Running_Backward.uasset" 331
"D:/School/PWS/Unreal Engine 4/PWS/Content/ThirdPersonBP/Blueprints/Character/Animations/NewFolder/Walking.uasset" 332
"D:/School/PWS/Unreal Engine 4/PWS/Content/ThirdPersonBP/Blueprints/Character/Animations/NewFolder/Walking_Backwards.uasset" 333
"D:/School/PWS/Unreal Engine 4/PWS/Content/ThirdPersonBP/Blueprints/Character/WalkRunBS.uasset" 334
"D:/School/PWS/Unreal Engine 4/PWS/Content/ThirdPersonBP/Blueprints/Character/Animations/NewFolder/Sword_And_Shield_Strafe__Left.uasset" 335
"D:/School/PWS/Unreal Engine 4/PWS/Content/ThirdPersonBP/Blueprints/Character/Animations/NewFolder/Sword_And_Shield_Strafe__Left_Run.uasset" 336
"D:/School/PWS/Unreal Engine 4/PWS/Content/ThirdPersonBP/Blueprints/Character/Animations/sword_and_shield_idle__4_.uasset" 337
"D:/School/PWS/Unreal Engine 4/PWS/Content/ThirdPersonBP/Blueprints/Character/Animations/Sword_And_Shield_Run.uasset" 338
"D:/School/PWS/Unreal Engine 4/PWS/Content/ThirdPersonBP/Blueprints/Character/Animations/sword_and_shield_run_Backwards.uasset" 339
"D:/School/PWS/Unreal Engine 4/PWS/Content/ThirdPersonBP/Blueprints/Character/Animations/Sword_And_Shield_Strafe_Left.uasset" 340
"D:/School/PWS/Unreal Engine 4/PWS/Content/ThirdPersonBP/Blueprints/Character/Animations/Sword_And_Shield_Strafe_Left_Walk.uasset" 341
"D:/School/PWS/Unreal Engine 4/PWS/Content/ThirdPersonBP/Blueprints/Character/Animations/Sword_And_Shield_Walk.uasset" 342
"D:/School/PWS/Unreal Engine 4/PWS/Content/ThirdPersonBP/Blueprints/Character/Animations/sword_and_shield_walk_Backwards.uasset" 343
"D:/School/PWS/Unreal Engine 4/PWS/Content/ThirdPersonBP/Blueprints/Character/WalkRunWeaponBS.uasset" 344
"D:/School/PWS/Unreal Engine 4/PWS/Content/ThirdPersonBP/Blueprints/Character/MainCharacterAnimBP.uasset" 345
"D:/School/PWS/Unreal Engine 4/PWS/Content/ThirdPersonBP/Blueprints/Weapons/WeaponType.uasset" 346
"D:/School/PWS/Unreal Engine 4/PWS/Content/ThirdPersonBP/Blueprints/Weapons/ItemType.uasset" 347
"D:/School/PWS/Unreal Engine 4/PWS/Content/ThirdPersonBP/Blueprints/Weapons/Master_Weapon.uasset" 348
"D:/School/PWS/Unreal Engine 4/PWS/Content/ThirdPersonBP/Blueprints/Character/Paladin_diffuse.uasset" 349
"D:/School/PWS/Unreal Engine 4/PWS/Content/ThirdPersonBP/Blueprints/Character/Paladin_normal.uasset" 350
"D:/School/PWS/Unreal Engine 4/PWS/Content/ThirdPersonBP/Blueprints/Character/Paladin_specular.uasset" 351
"D:/School/PWS/Unreal Engine 4/PWS/Content/ThirdPersonBP/Blueprints/Character/Paladin_MAT.uasset" 352
"D:/School/PWS/Unreal Engine 4/PWS/Content/ThirdPersonBP/Blueprints/Character/paladin_j_nordstrom_PhysicsAsset.uasset" 353
"D:/School/PWS/Unreal Engine 4/PWS/Content/ThirdPersonBP/Blueprints/Character/paladin_j_nordstrom.uasset" 354
"D:/School/PWS/Unreal Engine 4/PWS/Content/ThirdPersonBP/Blueprints/ThirdPersonCharacter.uasset" 355
"D:/School/PWS/Unreal Engine 4/PWS/Content/ThirdPersonBP/Blueprints/ThirdPersonGameMode.uasset" 356
"../../Plugins/2D/Paper2D/Content/PlaceholderTextures/DummySpriteTexture.uasset" 357
"../../Plugins/2D/Paper2D/Content/DummySprite.uasset" 358
"../../Plugins/2D/Paper2D/Content/DefaultPaperTerrainMaterial.uasset" 359
"../../Plugins/2D/Paper2D/Content/DefaultSpriteMaterial.uasset" 360
"../../Plugins/2D/Paper2D/Content/MaskedUnlitSpriteMaterial.uasset" 361
"../../Plugins/2D/Paper2D/Content/OpaqueUnlitSpriteMaterial.uasset" 362
"../../Plugins/Enterprise/DatasmithContent/Content/Blueprints/FBXImporter/ArrayOfActor.uasset" 363
"../../Plugins/Enterprise/DatasmithContent/Content/Blueprints/FBXImporter/ArrayOfSwitch.uasset" 364
"../../Plugins/Enterprise/DatasmithContent/Content/Blueprints/FBXImporter/BP_SceneNode.uasset" 365
"../../Plugins/Enterprise/DatasmithContent/Content/Blueprints/FBXImporter/BP_Switch.uasset" 366
"../../Plugins/Enterprise/DatasmithContent/Content/Blueprints/FBXImporter/BP_SceneRoot.uasset" 367
"../../Plugins/Enterprise/DatasmithContent/Content/Blueprints/FBXImporter/FBXImporterUtils.uasset" 368
"../../Plugins/Enterprise/DatasmithContent/Content/Blueprints/FBXImporter/Animation/DeltaGenAnimationTrackType.uasset" 369
"../../Plugins/Enterprise/DatasmithContent/Content/Blueprints/FBXImporter/Animation/VREDAnimationTrackComponent.uasset" 370
"../../Plugins/Enterprise/DatasmithContent/Content/Blueprints/FBXImporter/Animation/VREDAnimationTrackType.uasset" 371
"../../Plugins/Enterprise/DatasmithContent/Content/Blueprints/FBXImporter/Variants/VariantSwitchType.uasset" 372
"../../Plugins/Enterprise/DatasmithContent/Content/Blueprints/FBXImporter/Variants/VREDVariantSwitchType.uasset" 373
"../../Plugins/Runtime/Oculus/OculusVR/Content/Materials/PokeAHoleMaterial.uasset" 374
"../../Plugins/Runtime/Oculus/OculusVR/Content/Textures/GearVRController_AO.uasset" 375
"../../Plugins/Runtime/Oculus/OculusVR/Content/Textures/GearVRController_Color.uasset" 376
"../../Plugins/Runtime/Oculus/OculusVR/Content/Textures/GearVRController_Normal.uasset" 377
"../../Plugins/Runtime/Oculus/OculusVR/Content/Materials/GearVRControllerMaterial.uasset" 378
"../../Plugins/Runtime/Oculus/OculusVR/Content/Meshes/GearVrController.uasset" 379
"../../Plugins/Runtime/Oculus/OculusVR/Content/Textures/touchController_albedo.uasset" 380
"../../Plugins/Runtime/Oculus/OculusVR/Content/Textures/touchController_controlmap.uasset" 381
"../../Plugins/Runtime/Oculus/OculusVR/Content/Materials/touchController_mat.uasset" 382
"../../Plugins/Runtime/Oculus/OculusVR/Content/Meshes/LeftTouchController.uasset" 383
"../../Plugins/Runtime/Oculus/OculusVR/Content/Meshes/RiftHMD.uasset" 384
"../../Plugins/Runtime/Oculus/OculusVR/Content/Meshes/RightTouchController.uasset" 385
"../../../Engine/Content/Maps/Entry_BuiltData.uasset" 386
"../../../Engine/Content/Maps/Entry.umap" 387
"D:/School/PWS/Unreal Engine 4/PWS/Content/Mannequin/Character/Mesh/UE4_Mannequin_Skeleton.uasset" 388
"D:/School/PWS/Unreal Engine 4/PWS/Content/Mannequin/Animations/ThirdPerson_Jump.uasset" 389
"D:/School/PWS/Unreal Engine 4/PWS/Content/Mannequin/Animations/ThirdPersonJump_Loop.uasset" 390
"D:/School/PWS/Unreal Engine 4/PWS/Content/Mannequin/Animations/ThirdPersonJump_Start.uasset" 391
"D:/School/PWS/Unreal Engine 4/PWS/Content/Mannequin/Animations/ThirdPersonIdle.uasset" 392
"D:/School/PWS/Unreal Engine 4/PWS/Content/Mannequin/Animations/ThirdPersonRun.uasset" 393
"D:/School/PWS/Unreal Engine 4/PWS/Content/Mannequin/Animations/ThirdPersonWalk.uasset" 394
"D:/School/PWS/Unreal Engine 4/PWS/Content/Mannequin/Animations/ThirdPerson_IdleRun_2D.uasset" 395
"D:/School/PWS/Unreal Engine 4/PWS/Content/Mannequin/Animations/ThirdPerson_AnimBP.uasset" 396
"../../../Engine/Content/Functions/Engine_MaterialFunctions02/Utility/BlendAngleCorrectedNormals.uasset" 397
"../../../Engine/Content/Functions/MaterialLayerFunctions/MatLayerBlend_NormalBlend.uasset" 398
"../../../Engine/Content/Functions/MaterialLayerFunctions/MatLayerBlend_Simple.uasset" 399
"D:/School/PWS/Unreal Engine 4/PWS/Content/Mannequin/Character/Materials/MaterialLayers/T_ML_Rubber_Blue_01_D.uasset" 400
"D:/School/PWS/Unreal Engine 4/PWS/Content/Mannequin/Character/Materials/MaterialLayers/T_ML_Rubber_Blue_01_N.uasset" 401
"D:/School/PWS/Unreal Engine 4/PWS/Content/Mannequin/Character/Materials/MaterialLayers/ML_GlossyBlack_Latex_UE4.uasset" 402
"D:/School/PWS/Unreal Engine 4/PWS/Content/Mannequin/Character/Materials/MaterialLayers/ML_Plastic_Shiny_Beige.uasset" 403
"D:/School/PWS/Unreal Engine 4/PWS/Content/Mannequin/Character/Textures/UE4_LOGO_CARD.uasset" 404
"D:/School/PWS/Unreal Engine 4/PWS/Content/Mannequin/Character/Materials/MaterialLayers/ML_Plastic_Shiny_Beige_LOGO.uasset" 405
"D:/School/PWS/Unreal Engine 4/PWS/Content/Mannequin/Character/Materials/MaterialLayers/T_ML_Aluminum01.uasset" 406
"D:/School/PWS/Unreal Engine 4/PWS/Content/Mannequin/Character/Materials/MaterialLayers/T_ML_Aluminum01_N.uasset" 407
"D:/School/PWS/Unreal Engine 4/PWS/Content/Mannequin/Character/Materials/MaterialLayers/ML_SoftMetal_UE4.uasset" 408
"D:/School/PWS/Unreal Engine 4/PWS/Content/Mannequin/Character/Textures/UE4_Mannequin__normals.uasset" 409
"D:/School/PWS/Unreal Engine 4/PWS/Content/Mannequin/Character/Textures/UE4_Mannequin_MAT_MASKA.uasset" 410
"D:/School/PWS/Unreal Engine 4/PWS/Content/Mannequin/Character/Materials/M_UE4Man_Body.uasset" 411
"D:/School/PWS/Unreal Engine 4/PWS/Content/Mannequin/Character/Textures/UE4Man_Logo_N.uasset" 412
"D:/School/PWS/Unreal Engine 4/PWS/Content/Mannequin/Character/Materials/M_UE4Man_ChestLogo.uasset" 413
"D:/School/PWS/Unreal Engine 4/PWS/Content/Mannequin/Character/Mesh/SK_Mannequin_PhysicsAsset.uasset" 414
"D:/School/PWS/Unreal Engine 4/PWS/Content/Mannequin/Character/Mesh/SK_Mannequin.uasset" 415
"D:/School/PWS/Unreal Engine 4/PWS/Content/ThirdPersonBP/Blueprints/Enemies/Enemy.uasset" 416
"../../../Engine/Content/EngineSky/C_Sky_Cloud_Color.uasset" 417
"../../../Engine/Content/EngineSky/C_Sky_Horizon_Color.uasset" 418
"../../../Engine/Content/EngineSky/C_Sky_Zenith_Color.uasset" 419
"../../../Engine/Content/EngineSky/T_Sky_Blue.uasset" 420
"../../../Engine/Content/EngineSky/T_Sky_Clouds_M.uasset" 421
"../../../Engine/Content/EngineSky/T_Sky_Stars.uasset" 422
"../../../Engine/Content/EngineSky/M_Sky_Panning_Clouds2.uasset" 423
"../../../Engine/Content/EngineSky/SM_SkySphere.uasset" 424
"../../../Engine/Content/EngineSky/BP_Sky_Sphere.uasset" 425
"D:/School/PWS/Unreal Engine 4/PWS/Content/InfinityBladeWeapons/Weapons/Blade/Axes/Blade_IceElemental/T_Blade_IceElemental1_D.uasset" 426
"D:/School/PWS/Unreal Engine 4/PWS/Content/InfinityBladeWeapons/Weapons/Blade/Axes/Blade_IceElemental/T_Blade_IceElemental1_M.uasset" 427
"D:/School/PWS/Unreal Engine 4/PWS/Content/InfinityBladeWeapons/Weapons/Blade/Axes/Blade_IceElemental/T_Blade_IceElemental1_N.uasset" 428
"D:/School/PWS/Unreal Engine 4/PWS/Content/InfinityBladeWeapons/Weapons/Blade/Axes/Blade_IceElemental/T_Blade_IceElemental2_D.uasset" 429
"D:/School/PWS/Unreal Engine 4/PWS/Content/InfinityBladeWeapons/Weapons/Blade/Axes/Blade_IceElemental/T_Blade_IceElemental2_M.uasset" 430
"D:/School/PWS/Unreal Engine 4/PWS/Content/InfinityBladeWeapons/Weapons/Blade/Axes/Blade_IceElemental/T_Blade_IceElemental2_N.uasset" 431
"D:/School/PWS/Unreal Engine 4/PWS/Content/InfinityBladeWeapons/Weapons/Blade/Axes/Blade_IceElemental/M_Blade_IceElemental.uasset" 432
"D:/School/PWS/Unreal Engine 4/PWS/Content/InfinityBladeWeapons/Weapons/Blade/Axes/Blade_IceElemental/SK_Blade_IceElemental_Skeleton.uasset" 433
"D:/School/PWS/Unreal Engine 4/PWS/Content/InfinityBladeWeapons/Weapons/Blade/Axes/Blade_IceElemental/SK_Blade_IceElemental.uasset" 434
"D:/School/PWS/Unreal Engine 4/PWS/Content/ThirdPersonBP/Blueprints/Weapons/WeaponUI/Sword1.uasset" 435
"D:/School/PWS/Unreal Engine 4/PWS/Content/ThirdPersonBP/Blueprints/Weapons/Sword1_Child.uasset" 436
"D:/School/PWS/Unreal Engine 4/PWS/Content/InfinityBladeWeapons/Weapons/Blade/Swords/Blade_HeroSword10/T_Blade_HeroSword101_D.uasset" 437
"D:/School/PWS/Unreal Engine 4/PWS/Content/InfinityBladeWeapons/Weapons/Blade/Swords/Blade_HeroSword10/T_Blade_HeroSword101_N.uasset" 438
"D:/School/PWS/Unreal Engine 4/PWS/Content/InfinityBladeWeapons/Weapons/Blade/Swords/Blade_HeroSword10/T_Blade_HeroSword102_D.uasset" 439
"D:/School/PWS/Unreal Engine 4/PWS/Content/InfinityBladeWeapons/Weapons/Blade/Swords/Blade_HeroSword10/T_Blade_HeroSword102_M.uasset" 440
"D:/School/PWS/Unreal Engine 4/PWS/Content/InfinityBladeWeapons/Weapons/Blade/Swords/Blade_HeroSword10/T_Blade_HeroSword102_N.uasset" 441
"D:/School/PWS/Unreal Engine 4/PWS/Content/InfinityBladeWeapons/Weapons/Blade/Swords/Blade_HeroSword10/M_Blade_HeroSword.uasset" 442
"D:/School/PWS/Unreal Engine 4/PWS/Content/InfinityBladeWeapons/Weapons/Blade/Swords/Blade_HeroSword10/SK_Blade_HeroSword10_Skeleton.uasset" 443
"D:/School/PWS/Unreal Engine 4/PWS/Content/InfinityBladeWeapons/Weapons/Blade/Swords/Blade_HeroSword10/SK_Blade_HeroSword10.uasset" 444
"D:/School/PWS/Unreal Engine 4/PWS/Content/ThirdPersonBP/Blueprints/Weapons/WeaponUI/Sword2.uasset" 445
"D:/School/PWS/Unreal Engine 4/PWS/Content/ThirdPersonBP/Blueprints/Weapons/Sword2_Child.uasset" 446
"D:/School/PWS/Unreal Engine 4/PWS/Content/InfinityBladeWeapons/Weapons/Blade/Axes/Blade_Hatchet02/T_Blade_Hatchet021_D.uasset" 447
"D:/School/PWS/Unreal Engine 4/PWS/Content/InfinityBladeWeapons/Weapons/Blade/Axes/Blade_Hatchet02/T_Blade_Hatchet021_M.uasset" 448
"D:/School/PWS/Unreal Engine 4/PWS/Content/InfinityBladeWeapons/Weapons/Blade/Axes/Blade_Hatchet02/T_Blade_Hatchet021_N.uasset" 449
"D:/School/PWS/Unreal Engine 4/PWS/Content/InfinityBladeWeapons/Weapons/Blade/Axes/Blade_Hatchet02/T_Blade_Hatchet022_D.uasset" 450
"D:/School/PWS/Unreal Engine 4/PWS/Content/InfinityBladeWeapons/Weapons/Blade/Axes/Blade_Hatchet02/T_Blade_Hatchet022_M.uasset" 451
"D:/School/PWS/Unreal Engine 4/PWS/Content/InfinityBladeWeapons/Weapons/Blade/Axes/Blade_Hatchet02/T_Blade_Hatchet022_N.uasset" 452
"D:/School/PWS/Unreal Engine 4/PWS/Content/InfinityBladeWeapons/Weapons/Blade/Axes/Blade_Hatchet02/M_Blade_Hatchet02.uasset" 453
"D:/School/PWS/Unreal Engine 4/PWS/Content/InfinityBladeWeapons/Weapons/Blade/Axes/Blade_Hatchet02/SK_Blade_Hatchet02_Skeleton.uasset" 454
"D:/School/PWS/Unreal Engine 4/PWS/Content/InfinityBladeWeapons/Weapons/Blade/Axes/Blade_Hatchet02/SK_Blade_Hatchet02.uasset" 455
"D:/School/PWS/Unreal Engine 4/PWS/Content/ThirdPersonBP/Blueprints/Weapons/Sword3_Child.uasset" 456
"D:/School/PWS/Unreal Engine 4/PWS/Content/InfinityBladeWeapons/Weapons/Blade/Swords/Blade_SwordB/T_Blade_SwordB1_D.uasset" 457
"D:/School/PWS/Unreal Engine 4/PWS/Content/InfinityBladeWeapons/Weapons/Blade/Swords/Blade_SwordB/T_Blade_SwordB1_N.uasset" 458
"D:/School/PWS/Unreal Engine 4/PWS/Content/InfinityBladeWeapons/Weapons/Blade/Swords/Blade_SwordB/T_Blade_SwordB2_D.uasset" 459
"D:/School/PWS/Unreal Engine 4/PWS/Content/InfinityBladeWeapons/Weapons/Blade/Swords/Blade_SwordB/T_Blade_SwordB2_M.uasset" 460
"D:/School/PWS/Unreal Engine 4/PWS/Content/InfinityBladeWeapons/Weapons/Blade/Swords/Blade_SwordB/T_Blade_SwordB2_N.uasset" 461
"D:/School/PWS/Unreal Engine 4/PWS/Content/InfinityBladeWeapons/Weapons/Blade/Swords/Blade_SwordB/M_Blade_SwordB.uasset" 462
"D:/School/PWS/Unreal Engine 4/PWS/Content/InfinityBladeWeapons/Weapons/Blade/Swords/Blade_SwordB/SK_Blade_SwordB_Skeleton.uasset" 463
"D:/School/PWS/Unreal Engine 4/PWS/Content/InfinityBladeWeapons/Weapons/Blade/Swords/Blade_SwordB/SK_Blade_SwordB.uasset" 464
"D:/School/PWS/Unreal Engine 4/PWS/Content/ThirdPersonBP/Blueprints/Weapons/Sword4_Child.uasset" 465
"D:/School/PWS/Unreal Engine 4/PWS/Content/InfinityBladeWeapons/Weapons/Dual_Blade/Dual_Blade_SwordOfStorms/T_Dual_Blade_SwordOfStorms1_D.uasset" 466
"D:/School/PWS/Unreal Engine 4/PWS/Content/InfinityBladeWeapons/Weapons/Dual_Blade/Dual_Blade_SwordOfStorms/T_Dual_Blade_SwordOfStorms1_M.uasset" 467
"D:/School/PWS/Unreal Engine 4/PWS/Content/InfinityBladeWeapons/Weapons/Dual_Blade/Dual_Blade_SwordOfStorms/T_Dual_Blade_SwordOfStorms1_N.uasset" 468
"D:/School/PWS/Unreal Engine 4/PWS/Content/InfinityBladeWeapons/Weapons/Dual_Blade/Dual_Blade_SwordOfStorms/T_Dual_Blade_SwordOfStorms2_D.uasset" 469
"D:/School/PWS/Unreal Engine 4/PWS/Content/InfinityBladeWeapons/Weapons/Dual_Blade/Dual_Blade_SwordOfStorms/T_Dual_Blade_SwordOfStorms2_N.uasset" 470
"D:/School/PWS/Unreal Engine 4/PWS/Content/InfinityBladeWeapons/Weapons/Dual_Blade/Dual_Blade_SwordOfStorms/M_Dual_Blade_SwordOfStorms.uasset" 471
"D:/School/PWS/Unreal Engine 4/PWS/Content/InfinityBladeWeapons/Weapons/Dual_Blade/Dual_Blade_SwordOfStorms/SK_Dual_Blade_SwordOfStorms_Skeleton.uasset" 472
"D:/School/PWS/Unreal Engine 4/PWS/Content/InfinityBladeWeapons/Weapons/Dual_Blade/Dual_Blade_SwordOfStorms/SK_Dual_Blade_SwordOfStorms.uasset" 473
"D:/School/PWS/Unreal Engine 4/PWS/Content/ThirdPersonBP/Blueprints/Weapons/Sword5_child.uasset" 474
"D:/School/PWS/Unreal Engine 4/PWS/Content/InfinityBladeWeapons/Weapons/Blade/Swords/Blade_HeroSword17/T_Blade_HeroSword171_D.uasset" 475
"D:/School/PWS/Unreal Engine 4/PWS/Content/InfinityBladeWeapons/Weapons/Blade/Swords/Blade_HeroSword17/T_Blade_HeroSword171_M.uasset" 476
"D:/School/PWS/Unreal Engine 4/PWS/Content/InfinityBladeWeapons/Weapons/Blade/Swords/Blade_HeroSword17/T_Blade_HeroSword171_N.uasset" 477
"D:/School/PWS/Unreal Engine 4/PWS/Content/InfinityBladeWeapons/Weapons/Blade/Swords/Blade_HeroSword17/T_Blade_HeroSword172_D.uasset" 478
"D:/School/PWS/Unreal Engine 4/PWS/Content/InfinityBladeWeapons/Weapons/Blade/Swords/Blade_HeroSword17/T_Blade_HeroSword172_M.uasset" 479
"D:/School/PWS/Unreal Engine 4/PWS/Content/InfinityBladeWeapons/Weapons/Blade/Swords/Blade_HeroSword17/T_Blade_HeroSword172_N.uasset" 480
"D:/School/PWS/Unreal Engine 4/PWS/Content/InfinityBladeWeapons/Weapons/Blade/Swords/Blade_HeroSword17/M_Blade_HeroSword17.uasset" 481
"D:/School/PWS/Unreal Engine 4/PWS/Content/InfinityBladeWeapons/Weapons/Blade/Swords/Blade_HeroSword17/SK_Blade_HeroSword17_Skeleton.uasset" 482
"D:/School/PWS/Unreal Engine 4/PWS/Content/InfinityBladeWeapons/Weapons/Blade/Swords/Blade_HeroSword17/SK_Blade_HeroSword17.uasset" 483
"D:/School/PWS/Unreal Engine 4/PWS/Content/ThirdPersonBP/Blueprints/Weapons/Sword6_Child.uasset" 484
"D:/School/PWS/Unreal Engine 4/PWS/Content/ThirdPersonBP/Maps/ThirdPersonExampleMap_BuiltData.uasset" 485
"D:/School/PWS/Unreal Engine 4/PWS/Content/Geometry/Meshes/CubeMaterial.uasset" 486
"D:/School/PWS/Unreal Engine 4/PWS/Content/Geometry/Meshes/1M_Cube.uasset" 487
"D:/School/PWS/Unreal Engine 4/PWS/Content/Geometry/Meshes/1M_Cube_Chamfer.uasset" 488
"D:/School/PWS/Unreal Engine 4/PWS/Content/Geometry/Meshes/TemplateFloor.uasset" 489
"D:/School/PWS/Unreal Engine 4/PWS/Content/ThirdPerson/Meshes/RampMaterial.uasset" 490
"D:/School/PWS/Unreal Engine 4/PWS/Content/ThirdPerson/Meshes/Bump_StaticMesh.uasset" 491
"D:/School/PWS/Unreal Engine 4/PWS/Content/ThirdPerson/Meshes/LeftArm_StaticMesh.uasset" 492
"D:/School/PWS/Unreal Engine 4/PWS/Content/ThirdPerson/Meshes/Linear_Stair_StaticMesh.uasset" 493
"D:/School/PWS/Unreal Engine 4/PWS/Content/ThirdPerson/Meshes/Ramp_StaticMesh.uasset" 494
"D:/School/PWS/Unreal Engine 4/PWS/Content/ThirdPerson/Meshes/RightArm_StaticMesh.uasset" 495
"D:/School/PWS/Unreal Engine 4/PWS/Content/ThirdPersonBP/Blueprints/HUD/HUD.uasset" 496
"D:/School/PWS/Unreal Engine 4/PWS/Content/ThirdPersonBP/Maps/ThirdPersonExampleMap.umap" 497
